<?xml version="1.0" encoding="UTF-8"?>
<!-- Generated by org.testng.reporters.JUnitReportReporter -->
<testsuite hostname="DESKTOP-NFV7UOU" failures="0" tests="8" name="tests.LogoutPageTest" time="74.871" errors="0" timestamp="2025-01-29T01:13:05 IST" skipped="0">
  <testcase classname="tests.LogoutPageTest" name="verifyLoggingOutUsingMyAccountDropMenu" time="8.346"/>
  <testcase classname="tests.LogoutPageTest" name="verifyLoggingOutUsingLogoutRightColumnOption" time="8.309"/>
  <testcase classname="tests.LogoutPageTest" name="verifyLoggingOutAndBrowsingBack" time="8.635"/>
  <testcase classname="tests.LogoutPageTest" name="verifyThereIsNoLogoutOptionBeforeLogin" time="18.596"/>
  <testcase classname="tests.LogoutPageTest" name="verifyLoginAfterLogout" time="8.634"/>
  <testcase classname="tests.LogoutPageTest" name="verifyBreadCrumbTitleHeadingAndURLOfAccountLogoutPage" time="7.503"/>
  <testcase classname="tests.LogoutPageTest" name="verifyUIOfLogoutOptionAndAccountLogoutPage" time="6.898"/>
  <testcase classname="tests.LogoutPageTest" name="verifyAccountLogoutFunctionality" time="7.950"/>
</testsuite> <!-- tests.LogoutPageTest -->
