<?xml version="1.0" encoding="UTF-8"?>
<!-- Generated by org.testng.reporters.JUnitReportReporter -->
<testsuite hostname="DESKTOP-NFV7UOU" failures="0" tests="2" name="tests.RegisterPageTest" time="6.043" errors="0" timestamp="2025-01-26T23:56:43 IST" skipped="1">
  <testcase classname="tests.RegisterPageTest" name="verifyRegisteringAccountInDifferentTestEnvironments" time="6.043"/>
  <testcase classname="tests.RegisterPageTest" name="verifyDataBaseTestingForRegisterAccount">
    <skipped/>
  </testcase> <!-- verifyDataBaseTestingForRegisterAccount -->
</testsuite> <!-- tests.RegisterPageTest -->
