<?xml version="1.0" encoding="UTF-8"?>
<!-- Generated by org.testng.reporters.JUnitReportReporter -->
<testsuite hostname="DESKTOP-NFV7UOU" failures="0" tests="1" name="tests.SearchPageTest" time="60.158" errors="0" timestamp="2025-02-09T22:57:03 IST" skipped="0">
  <testcase classname="tests.SearchPageTest" name="verifyNavigationToProductCompagePage" time="60.158"/>
</testsuite> <!-- tests.SearchPageTest -->
