<?xml version="1.0" encoding="UTF-8"?>
<!-- Generated by org.testng.reporters.JUnitReportReporter -->
<testsuite hostname="DESKTOP-NFV7UOU" failures="0" tests="1" name="tests.Logout" time="8.954" errors="0" timestamp="2025-01-29T01:09:58 IST" skipped="0">
  <testcase classname="tests.Logout" name="verifyAccountLogoutFunctionality" time="8.954"/>
</testsuite> <!-- tests.Logout -->
